<?xml version="1.0" encoding="UTF-8"?>
<testsuite name="TestSuite" time="255.838" tests="31" errors="0" skipped="5" failures="12">
  <properties>
[...]
</properties>
  <testcase name="TC_HM_001" classname="testcases.TC_HM_001" time="8.255"/>
  <testcase name="TC_HM_002" classname="testcases.TC_HM_002" time="0.091"/>
  <testcase name="TC_HM_003_parameterizer" classname="testcases.TC_HM_003_parameterize" time="4.779">
    <failure message="Not matching expected [46] but found [49]" type="java.lang.AssertionError">java.lang.AssertionError: Not matching expected [46] but found [49]
	at org.testng.Assert.fail(Assert.java:110)
	at org.testng.Assert.failNotEquals(Assert.java:1413)
	at org.testng.Assert.assertEqualsImpl(Assert.java:149)
	at org.testng.Assert.assertEquals(Assert.java:131)
	at org.testng.Assert.assertEquals(Assert.java:1240)
	at pages.UsedCarPage.verifynoofbrands(UsedCarPage.java:39)
	at testcases.TC_HM_003_parameterize.TC_HM_003_parameterizer(TC_HM_003_parameterize.java:18)
</failure>
    <system-out>log4j: System property is :null
log4j: Standard DocumentBuilderFactory search succeded.
log4j: DocumentBuilderFactory is: com.sun.org.apache.xerces.internal.jaxp.DocumentBuilderFactoryImpl
log4j: debug attribute= "true".
log4j: reset attribute= "false".
log4j: Threshold ="null".
log4j: Level value for root is  [INFO].
log4j: root level set to INFO
log4j: Class name: [org.apache.log4j.ConsoleAppender]
log4j: Parsing layout of class: "org.apache.log4j.PatternLayout"
log4j: Setting property [conversionPattern] to [%d{yyyy-MM-dd HH:mm:ss} %-5p %c{1}:%L - %m%n].
log4j: Adding appender named [console] to category [root].
log4j: Class name: [org.apache.log4j.RollingFileAppender]
log4j: Setting property [append] to [true].
log4j: Setting property [maxFileSize] to [10MB].
log4j: Setting property [maxBackupIndex] to [10].
log4j: Setting property [file] to [C:/Users/adars/workspace/POM_OCT_22/logs/myStruts1App.log].
log4j: Parsing layout of class: "org.apache.log4j.PatternLayout"
log4j: Setting property [conversionPattern] to [%d{yyyy-MM-dd HH:mm:ss} %-5p %c{1}:%L - %m%n].
log4j: setFile called: C:/Users/adars/workspace/POM_OCT_22/logs/myStruts1App.log, true
log4j: setFile ended
log4j: Adding appender named [file] to category [root].
log4j: System property is :null
log4j: Standard DocumentBuilderFactory search succeded.
log4j: DocumentBuilderFactory is: com.sun.org.apache.xerces.internal.jaxp.DocumentBuilderFactoryImpl
log4j: debug attribute= "true".
log4j: reset attribute= "false".
log4j: Threshold ="null".
log4j: Level value for root is  [INFO].
log4j: root level set to INFO
log4j: Class name: [org.apache.log4j.ConsoleAppender]
log4j: Parsing layout of class: "org.apache.log4j.PatternLayout"
log4j: Setting property [conversionPattern] to [%d{yyyy-MM-dd HH:mm:ss} %-5p %c{1}:%L - %m%n].
log4j: Adding appender named [console] to category [root].
log4j: Class name: [org.apache.log4j.RollingFileAppender]
log4j: Setting property [append] to [true].
log4j: Setting property [maxFileSize] to [10MB].
log4j: Setting property [maxBackupIndex] to [10].
log4j: Setting property [file] to [C:/Users/adars/workspace/POM_OCT_22/logs/myStruts1App.log].
log4j: Parsing layout of class: "org.apache.log4j.PatternLayout"
log4j: Setting property [conversionPattern] to [%d{yyyy-MM-dd HH:mm:ss} %-5p %c{1}:%L - %m%n].
log4j: setFile called: C:/Users/adars/workspace/POM_OCT_22/logs/myStruts1App.log, true
log4j: setFile ended
log4j: Adding appender named [file] to category [root].
log4j: System property is :null
log4j: Standard DocumentBuilderFactory search succeded.
log4j: DocumentBuilderFactory is: com.sun.org.apache.xerces.internal.jaxp.DocumentBuilderFactoryImpl
log4j: debug attribute= "true".
log4j: reset attribute= "false".
log4j: Threshold ="null".
log4j: Level value for root is  [INFO].
log4j: root level set to INFO
log4j: Class name: [org.apache.log4j.ConsoleAppender]
log4j: Parsing layout of class: "org.apache.log4j.PatternLayout"
log4j: Setting property [conversionPattern] to [%d{yyyy-MM-dd HH:mm:ss} %-5p %c{1}:%L - %m%n].
log4j: Adding appender named [console] to category [root].
log4j: Class name: [org.apache.log4j.RollingFileAppender]
log4j: Setting property [append] to [true].
log4j: Setting property [maxFileSize] to [10MB].
log4j: Setting property [maxBackupIndex] to [10].
log4j: Setting property [file] to [C:/Users/adars/workspace/POM_OCT_22/logs/myStruts1App.log].
log4j: Parsing layout of class: "org.apache.log4j.PatternLayout"
log4j: Setting property [conversionPattern] to [%d{yyyy-MM-dd HH:mm:ss} %-5p %c{1}:%L - %m%n].
log4j: setFile called: C:/Users/adars/workspace/POM_OCT_22/logs/myStruts1App.log, true
log4j: setFile ended
log4j: Adding appender named [file] to category [root].
2022-11-08 14:46:21 INFO  BasePage:67 - Waiting for the elementUsed
2022-11-08 14:46:21 INFO  BasePage:67 - Waiting for the elementBangalore, Karnataka
2022-11-08 14:46:22 INFO  BasePage:67 - Waiting for the elementChennai, Tamil Nadu
2022-11-08 14:46:22 INFO  BasePage:67 - Waiting for the elementBangalore, Karnataka
2022-11-08 14:46:22 INFO  BasePage:67 - Waiting for the elementSearch
2022-11-08 14:46:23 INFO  BasePage:67 - Waiting for the elementSearch
</system-out>
  </testcase>
  <testcase name="TC_HM_003_parameterize_excel" classname="testcases.TC_HM_003_parameterize_excel" time="10.522"/>
  <testcase name="TC_HM_003" classname="testcases.TC_HM_003" time="2.854">
    <failure message="Not matching expected [46] but found [49]" type="java.lang.AssertionError">java.lang.AssertionError: Not matching expected [46] but found [49]
	at org.testng.Assert.fail(Assert.java:110)
	at org.testng.Assert.failNotEquals(Assert.java:1413)
	at org.testng.Assert.assertEqualsImpl(Assert.java:149)
	at org.testng.Assert.assertEquals(Assert.java:131)
	at org.testng.Assert.assertEquals(Assert.java:1240)
	at pages.UsedCarPage.verifynoofbrands(UsedCarPage.java:39)
	at testcases.TC_HM_003.TC_HM_003(TC_HM_003.java:18)
</failure>
    <system-out>log4j: System property is :null
log4j: System property is :null
log4j: Standard DocumentBuilderFactory search succeded.
log4j: DocumentBuilderFactory is: com.sun.org.apache.xerces.internal.jaxp.DocumentBuilderFactoryImpl
log4j: Standard DocumentBuilderFactory search succeded.
log4j: DocumentBuilderFactory is: com.sun.org.apache.xerces.internal.jaxp.DocumentBuilderFactoryImpl
log4j: debug attribute= "true".
log4j: reset attribute= "false".
log4j: Threshold ="null".
log4j: Level value for root is  [INFO].
log4j: root level set to INFO
log4j: Class name: [org.apache.log4j.ConsoleAppender]
log4j: Parsing layout of class: "org.apache.log4j.PatternLayout"
log4j: Setting property [conversionPattern] to [%d{yyyy-MM-dd HH:mm:ss} %-5p %c{1}:%L - %m%n].
log4j: Adding appender named [console] to category [root].
log4j: Class name: [org.apache.log4j.RollingFileAppender]
log4j: Setting property [append] to [true].
log4j: Setting property [maxFileSize] to [10MB].
log4j: Setting property [maxBackupIndex] to [10].
log4j: Setting property [file] to [C:/Users/adars/workspace/POM_OCT_22/logs/myStruts1App.log].
log4j: Parsing layout of class: "org.apache.log4j.PatternLayout"
log4j: Setting property [conversionPattern] to [%d{yyyy-MM-dd HH:mm:ss} %-5p %c{1}:%L - %m%n].
log4j: setFile called: C:/Users/adars/workspace/POM_OCT_22/logs/myStruts1App.log, true
log4j: setFile ended
log4j: Adding appender named [file] to category [root].
log4j: debug attribute= "true".
log4j: reset attribute= "false".
log4j: Threshold ="null".
log4j: Level value for root is  [INFO].
log4j: root level set to INFO
log4j: Class name: [org.apache.log4j.ConsoleAppender]
log4j: Parsing layout of class: "org.apache.log4j.PatternLayout"
log4j: Setting property [conversionPattern] to [%d{yyyy-MM-dd HH:mm:ss} %-5p %c{1}:%L - %m%n].
log4j: Adding appender named [console] to category [root].
log4j: Class name: [org.apache.log4j.RollingFileAppender]
log4j: Setting property [append] to [true].
log4j: Setting property [maxFileSize] to [10MB].
log4j: Setting property [maxBackupIndex] to [10].
log4j: Setting property [file] to [C:/Users/adars/workspace/POM_OCT_22/logs/myStruts1App.log].
log4j: Parsing layout of class: "org.apache.log4j.PatternLayout"
log4j: Setting property [conversionPattern] to [%d{yyyy-MM-dd HH:mm:ss} %-5p %c{1}:%L - %m%n].
log4j: setFile called: C:/Users/adars/workspace/POM_OCT_22/logs/myStruts1App.log, true
log4j: setFile ended
log4j: Adding appender named [file] to category [root].
2022-11-08 14:46:34 INFO  BasePage:67 - Waiting for the elementUsed
2022-11-08 14:46:34 INFO  BasePage:67 - Waiting for the elementUsed
</system-out>
    <system-err>Starting ChromeDriver 107.0.5304.62 (1eec40d3a5764881c92085aaee66d25075c159aa-refs/branch-heads/5304@{#942}) on port 21168
Only local connections are allowed.
Please see https://chromedriver.chromium.org/security-considerations for suggestions on keeping ChromeDriver safe.
ChromeDriver was started successfully.
</system-err>
  </testcase>
  <testcase name="TC_HM_003_parameterize_excel_util" classname="testcases.TC_HM_003_parameterize_excel_util" time="4.277"/>
  <testcase name="TC_HM_003_parameterizer" classname="testcases.TC_HM_003_parameterize" time="10.546">
    <failure message="Not matching expected [46] but found [49]" type="java.lang.AssertionError">java.lang.AssertionError: Not matching expected [46] but found [49]
	at org.testng.Assert.fail(Assert.java:110)
	at org.testng.Assert.failNotEquals(Assert.java:1413)
	at org.testng.Assert.assertEqualsImpl(Assert.java:149)
	at org.testng.Assert.assertEquals(Assert.java:131)
	at org.testng.Assert.assertEquals(Assert.java:1240)
	at pages.UsedCarPage.verifynoofbrands(UsedCarPage.java:39)
	at testcases.TC_HM_003_parameterize.TC_HM_003_parameterizer(TC_HM_003_parameterize.java:18)
</failure>
    <system-out>2022-11-08 14:46:57 INFO  BasePage:67 - Waiting for the elementSearch
2022-11-08 14:46:59 INFO  BasePage:67 - Waiting for the elementMumbai, Maharashtra
log4j: System property is :null
log4j: Standard DocumentBuilderFactory search succeded.
log4j: DocumentBuilderFactory is: com.sun.org.apache.xerces.internal.jaxp.DocumentBuilderFactoryImpl
log4j: debug attribute= "true".
log4j: reset attribute= "false".
log4j: Threshold ="null".
log4j: Level value for root is  [INFO].
log4j: root level set to INFO
log4j: Class name: [org.apache.log4j.ConsoleAppender]
log4j: Parsing layout of class: "org.apache.log4j.PatternLayout"
log4j: Setting property [conversionPattern] to [%d{yyyy-MM-dd HH:mm:ss} %-5p %c{1}:%L - %m%n].
log4j: Adding appender named [console] to category [root].
log4j: Class name: [org.apache.log4j.RollingFileAppender]
log4j: Setting property [append] to [true].
log4j: Setting property [maxFileSize] to [10MB].
log4j: Setting property [maxBackupIndex] to [10].
log4j: Setting property [file] to [C:/Users/adars/workspace/POM_OCT_22/logs/myStruts1App.log].
log4j: Parsing layout of class: "org.apache.log4j.PatternLayout"
log4j: Setting property [conversionPattern] to [%d{yyyy-MM-dd HH:mm:ss} %-5p %c{1}:%L - %m%n].
log4j: setFile called: C:/Users/adars/workspace/POM_OCT_22/logs/myStruts1App.log, true
log4j: setFile ended
log4j: Adding appender named [file] to category [root].
</system-out>
  </testcase>
  <testcase name="TC_HM_003_parameterize_excel_util1" classname="testcases.TC_HM_003_parameterize_excel_util1" time="20.599">
    <failure message="Not matching expected [46] but found [49]" type="java.lang.AssertionError">java.lang.AssertionError: Not matching expected [46] but found [49]
	at org.testng.Assert.fail(Assert.java:110)
	at org.testng.Assert.failNotEquals(Assert.java:1413)
	at org.testng.Assert.assertEqualsImpl(Assert.java:149)
	at org.testng.Assert.assertEquals(Assert.java:131)
	at org.testng.Assert.assertEquals(Assert.java:1240)
	at pages.UsedCarPage.verifynoofbrands(UsedCarPage.java:43)
	at testcases.TC_HM_003_parameterize_excel_util1.TC_HM_003_parameterize_excel_util1(TC_HM_003_parameterize_excel_util1.java:21)
</failure>
    <system-out>2022-11-08 14:47:05 INFO  BasePage:67 - Waiting for the elementBangalore, Karnataka
log4j: System property is :null
log4j: Standard DocumentBuilderFactory search succeded.
log4j: DocumentBuilderFactory is: com.sun.org.apache.xerces.internal.jaxp.DocumentBuilderFactoryImpl
log4j: debug attribute= "true".
log4j: reset attribute= "false".
log4j: Threshold ="null".
log4j: Level value for root is  [INFO].
log4j: root level set to INFO
log4j: Class name: [org.apache.log4j.ConsoleAppender]
log4j: Parsing layout of class: "org.apache.log4j.PatternLayout"
log4j: Setting property [conversionPattern] to [%d{yyyy-MM-dd HH:mm:ss} %-5p %c{1}:%L - %m%n].
log4j: Adding appender named [console] to category [root].
log4j: Class name: [org.apache.log4j.RollingFileAppender]
log4j: Setting property [append] to [true].
log4j: Setting property [maxFileSize] to [10MB].
log4j: Setting property [maxBackupIndex] to [10].
log4j: Setting property [file] to [C:/Users/adars/workspace/POM_OCT_22/logs/myStruts1App.log].
log4j: Parsing layout of class: "org.apache.log4j.PatternLayout"
log4j: Setting property [conversionPattern] to [%d{yyyy-MM-dd HH:mm:ss} %-5p %c{1}:%L - %m%n].
log4j: setFile called: C:/Users/adars/workspace/POM_OCT_22/logs/myStruts1App.log, true
log4j: setFile ended
log4j: Adding appender named [file] to category [root].
2022-11-08 14:47:10 INFO  BasePage:67 - Waiting for the elementMumbai, Maharashtra
log4j: System property is :null
log4j: Standard DocumentBuilderFactory search succeded.
log4j: DocumentBuilderFactory is: com.sun.org.apache.xerces.internal.jaxp.DocumentBuilderFactoryImpl
log4j: debug attribute= "true".
log4j: reset attribute= "false".
log4j: Threshold ="null".
log4j: Level value for root is  [INFO].
log4j: root level set to INFO
log4j: Class name: [org.apache.log4j.ConsoleAppender]
log4j: Parsing layout of class: "org.apache.log4j.PatternLayout"
log4j: Setting property [conversionPattern] to [%d{yyyy-MM-dd HH:mm:ss} %-5p %c{1}:%L - %m%n].
log4j: Adding appender named [console] to category [root].
log4j: Class name: [org.apache.log4j.RollingFileAppender]
log4j: Setting property [append] to [true].
log4j: Setting property [maxFileSize] to [10MB].
log4j: Setting property [maxBackupIndex] to [10].
log4j: Setting property [file] to [C:/Users/adars/workspace/POM_OCT_22/logs/myStruts1App.log].
log4j: Parsing layout of class: "org.apache.log4j.PatternLayout"
log4j: Setting property [conversionPattern] to [%d{yyyy-MM-dd HH:mm:ss} %-5p %c{1}:%L - %m%n].
log4j: setFile called: C:/Users/adars/workspace/POM_OCT_22/logs/myStruts1App.log, true
log4j: setFile ended
log4j: Adding appender named [file] to category [root].
</system-out>
    <system-err>Starting ChromeDriver 107.0.5304.62 (1eec40d3a5764881c92085aaee66d25075c159aa-refs/branch-heads/5304@{#942}) on port 17885
Only local connections are allowed.
Please see https://chromedriver.chromium.org/security-considerations for suggestions on keeping ChromeDriver safe.
ChromeDriver was started successfully.
Nov 08, 2022 2:47:09 PM org.openqa.selenium.remote.ProtocolHandshake createSession
INFO: Detected dialect: W3C
</system-err>
  </testcase>
  <testcase name="TC_HM_003_parameterize_excel" classname="testcases.TC_HM_003_parameterize_excel" time="2"/>
  <testcase name="TC_HM_003_parameterize_dbfetch_util" classname="testcases.dbconnector" time="0">
    <skipped/>
    <system-out>2022-11-08 14:47:16 INFO  BasePage:67 - Waiting for the elementUsed
2022-11-08 14:47:17 INFO  BasePage:67 - Waiting for the elementSearch
2022-11-08 14:47:17 INFO  BasePage:67 - Waiting for the elementSearch
</system-out>
    <system-err>Starting ChromeDriver 107.0.5304.62 (1eec40d3a5764881c92085aaee66d25075c159aa-refs/branch-heads/5304@{#942}) on port 39832
Only local connections are allowed.
Please see https://chromedriver.chromium.org/security-considerations for suggestions on keeping ChromeDriver safe.
ChromeDriver was started successfully.
Nov 08, 2022 2:47:17 PM org.openqa.selenium.remote.ProtocolHandshake createSession
INFO: Detected dialect: W3C
Nov 08, 2022 2:47:18 PM org.openqa.selenium.remote.ProtocolHandshake createSession
INFO: Detected dialect: W3C
</system-err>
  </testcase>
  <testcase name="TC_HM_003_parameterize_excel_util" classname="testcases.TC_HM_003_parameterize_excel_util" time="14.55"/>
  <testcase name="TC_HM_003_parameterize_excel" classname="testcases.TC_HM_003_parameterize_excel" time="17.594"/>
  <testcase name="TC_HM_003_parameterize_excel_util1" classname="testcases.TC_HM_003_parameterize_excel_util1" time="0.463">
    <failure message="Not matching expected [47] but found [49]" type="java.lang.AssertionError">java.lang.AssertionError: Not matching expected [47] but found [49]
	at org.testng.Assert.fail(Assert.java:110)
	at org.testng.Assert.failNotEquals(Assert.java:1413)
	at org.testng.Assert.assertEqualsImpl(Assert.java:149)
	at org.testng.Assert.assertEquals(Assert.java:131)
	at org.testng.Assert.assertEquals(Assert.java:1240)
	at pages.UsedCarPage.verifynoofbrands(UsedCarPage.java:43)
	at testcases.TC_HM_003_parameterize_excel_util1.TC_HM_003_parameterize_excel_util1(TC_HM_003_parameterize_excel_util1.java:21)
</failure>
    <system-out>2022-11-08 14:47:46 INFO  BasePage:67 - Waiting for the elementBangalore, Karnataka
log4j: System property is :null
log4j: Standard DocumentBuilderFactory search succeded.
log4j: DocumentBuilderFactory is: com.sun.org.apache.xerces.internal.jaxp.DocumentBuilderFactoryImpl
log4j: debug attribute= "true".
log4j: reset attribute= "false".
log4j: Threshold ="null".
log4j: Level value for root is  [INFO].
log4j: root level set to INFO
log4j: Class name: [org.apache.log4j.ConsoleAppender]
log4j: Parsing layout of class: "org.apache.log4j.PatternLayout"
log4j: Setting property [conversionPattern] to [%d{yyyy-MM-dd HH:mm:ss} %-5p %c{1}:%L - %m%n].
log4j: Adding appender named [console] to category [root].
log4j: Class name: [org.apache.log4j.RollingFileAppender]
log4j: Setting property [append] to [true].
log4j: Setting property [maxFileSize] to [10MB].
log4j: Setting property [maxBackupIndex] to [10].
log4j: Setting property [file] to [C:/Users/adars/workspace/POM_OCT_22/logs/myStruts1App.log].
log4j: Parsing layout of class: "org.apache.log4j.PatternLayout"
log4j: Setting property [conversionPattern] to [%d{yyyy-MM-dd HH:mm:ss} %-5p %c{1}:%L - %m%n].
log4j: setFile called: C:/Users/adars/workspace/POM_OCT_22/logs/myStruts1App.log, true
log4j: setFile ended
log4j: Adding appender named [file] to category [root].
</system-out>
    <system-err>Nov 08, 2022 2:47:46 PM org.openqa.selenium.remote.ProtocolHandshake createSession
INFO: Detected dialect: W3C
Starting ChromeDriver 107.0.5304.62 (1eec40d3a5764881c92085aaee66d25075c159aa-refs/branch-heads/5304@{#942}) on port 33644
Only local connections are allowed.
Please see https://chromedriver.chromium.org/security-considerations for suggestions on keeping ChromeDriver safe.
ChromeDriver was started successfully.
Nov 08, 2022 2:47:50 PM org.openqa.selenium.remote.ProtocolHandshake createSession
INFO: Detected dialect: W3C
</system-err>
  </testcase>
  <testcase name="TC_HM_003_parameterize_dbfetch_util" classname="testcases.dbconnector" time="0.925">
    <failure message="Not matching expected [31] but found [49]" type="java.lang.AssertionError">java.lang.AssertionError: Not matching expected [31] but found [49]
	at org.testng.Assert.fail(Assert.java:110)
	at org.testng.Assert.failNotEquals(Assert.java:1413)
	at org.testng.Assert.assertEqualsImpl(Assert.java:149)
	at org.testng.Assert.assertEquals(Assert.java:131)
	at org.testng.Assert.assertEquals(Assert.java:1240)
	at pages.UsedCarPage.verifynoofbrands(UsedCarPage.java:43)
	at testcases.dbconnector.TC_HM_003_parameterize_dbfetch_util(dbconnector.java:19)
</failure>
    <system-out>2022-11-08 14:47:52 INFO  BasePage:67 - Waiting for the elementUsed
2022-11-08 14:47:54 INFO  BasePage:67 - Waiting for the elementSearch
2022-11-08 14:47:54 INFO  BasePage:67 - Waiting for the elementSearch
log4j: System property is :null
log4j: Standard DocumentBuilderFactory search succeded.
log4j: DocumentBuilderFactory is: com.sun.org.apache.xerces.internal.jaxp.DocumentBuilderFactoryImpl
log4j: debug attribute= "true".
log4j: reset attribute= "false".
log4j: Threshold ="null".
log4j: Level value for root is  [INFO].
log4j: root level set to INFO
log4j: Class name: [org.apache.log4j.ConsoleAppender]
log4j: Parsing layout of class: "org.apache.log4j.PatternLayout"
log4j: Setting property [conversionPattern] to [%d{yyyy-MM-dd HH:mm:ss} %-5p %c{1}:%L - %m%n].
log4j: Adding appender named [console] to category [root].
log4j: Class name: [org.apache.log4j.RollingFileAppender]
log4j: Setting property [append] to [true].
log4j: Setting property [maxFileSize] to [10MB].
log4j: Setting property [maxBackupIndex] to [10].
log4j: Setting property [file] to [C:/Users/adars/workspace/POM_OCT_22/logs/myStruts1App.log].
log4j: Parsing layout of class: "org.apache.log4j.PatternLayout"
log4j: Setting property [conversionPattern] to [%d{yyyy-MM-dd HH:mm:ss} %-5p %c{1}:%L - %m%n].
log4j: setFile called: C:/Users/adars/workspace/POM_OCT_22/logs/myStruts1App.log, true
log4j: setFile ended
log4j: Adding appender named [file] to category [root].
</system-out>
    <system-err>Starting ChromeDriver 107.0.5304.62 (1eec40d3a5764881c92085aaee66d25075c159aa-refs/branch-heads/5304@{#942}) on port 10007
Only local connections are allowed.
Please see https://chromedriver.chromium.org/security-considerations for suggestions on keeping ChromeDriver safe.
ChromeDriver was started successfully.
Nov 08, 2022 2:47:53 PM org.openqa.selenium.remote.ProtocolHandshake createSession
INFO: Detected dialect: W3C
</system-err>
  </testcase>
  <testcase name="TC_HM_003_parameterize_excel_util" classname="testcases.TC_HM_003_parameterize_excel_util" time="13.474"/>
  <testcase name="TC_HM_003_parameterize_excel" classname="testcases.TC_HM_003_parameterize_excel" time="15.573"/>
  <testcase name="TC_HM_003_parameterize_excel_util1" classname="testcases.TC_HM_003_parameterize_excel_util1" time="0.511">
    <failure message="Not matching expected [48] but found [49]" type="java.lang.AssertionError">java.lang.AssertionError: Not matching expected [48] but found [49]
	at org.testng.Assert.fail(Assert.java:110)
	at org.testng.Assert.failNotEquals(Assert.java:1413)
	at org.testng.Assert.assertEqualsImpl(Assert.java:149)
	at org.testng.Assert.assertEquals(Assert.java:131)
	at org.testng.Assert.assertEquals(Assert.java:1240)
	at pages.UsedCarPage.verifynoofbrands(UsedCarPage.java:43)
	at testcases.TC_HM_003_parameterize_excel_util1.TC_HM_003_parameterize_excel_util1(TC_HM_003_parameterize_excel_util1.java:21)
</failure>
    <system-out>2022-11-08 14:48:18 INFO  BasePage:67 - Waiting for the elementHassan, Karnataka
log4j: System property is :null
log4j: Standard DocumentBuilderFactory search succeded.
log4j: DocumentBuilderFactory is: com.sun.org.apache.xerces.internal.jaxp.DocumentBuilderFactoryImpl
log4j: debug attribute= "true".
log4j: reset attribute= "false".
log4j: Threshold ="null".
log4j: Level value for root is  [INFO].
log4j: root level set to INFO
log4j: Class name: [org.apache.log4j.ConsoleAppender]
log4j: Parsing layout of class: "org.apache.log4j.PatternLayout"
log4j: Setting property [conversionPattern] to [%d{yyyy-MM-dd HH:mm:ss} %-5p %c{1}:%L - %m%n].
log4j: Adding appender named [console] to category [root].
log4j: Class name: [org.apache.log4j.RollingFileAppender]
log4j: Setting property [append] to [true].
log4j: Setting property [maxFileSize] to [10MB].
log4j: Setting property [maxBackupIndex] to [10].
log4j: Setting property [file] to [C:/Users/adars/workspace/POM_OCT_22/logs/myStruts1App.log].
log4j: Parsing layout of class: "org.apache.log4j.PatternLayout"
log4j: Setting property [conversionPattern] to [%d{yyyy-MM-dd HH:mm:ss} %-5p %c{1}:%L - %m%n].
log4j: setFile called: C:/Users/adars/workspace/POM_OCT_22/logs/myStruts1App.log, true
log4j: setFile ended
log4j: Adding appender named [file] to category [root].
</system-out>
    <system-err>Nov 08, 2022 2:48:19 PM org.openqa.selenium.remote.ProtocolHandshake createSession
INFO: Detected dialect: W3C
Starting ChromeDriver 107.0.5304.62 (1eec40d3a5764881c92085aaee66d25075c159aa-refs/branch-heads/5304@{#942}) on port 20974
Only local connections are allowed.
Please see https://chromedriver.chromium.org/security-considerations for suggestions on keeping ChromeDriver safe.
ChromeDriver was started successfully.
Nov 08, 2022 2:48:21 PM org.openqa.selenium.remote.ProtocolHandshake createSession
INFO: Detected dialect: W3C
</system-err>
  </testcase>
  <testcase name="TC_HM_003_parameterize_dbfetch_util" classname="testcases.dbconnector" time="0">
    <skipped/>
  </testcase>
  <testcase name="TC_HM_003_parameterize_excel" classname="testcases.TC_HM_003_parameterize_excel" time="14.604"/>
  <testcase name="TC_HM_003_parameterize_excel_util" classname="testcases.TC_HM_003_parameterize_excel_util" time="15.212"/>
  <testcase name="TC_HM_003_parameterize_excel_util1" classname="testcases.TC_HM_003_parameterize_excel_util1" time="20.103"/>
  <testcase name="TC_HM_003_parameterize_dbfetch_util" classname="testcases.dbconnector" time="21.403">
    <failure message="Not matching expected [32] but found [49]" type="java.lang.AssertionError">java.lang.AssertionError: Not matching expected [32] but found [49]
	at org.testng.Assert.fail(Assert.java:110)
	at org.testng.Assert.failNotEquals(Assert.java:1413)
	at org.testng.Assert.assertEqualsImpl(Assert.java:149)
	at org.testng.Assert.assertEquals(Assert.java:131)
	at org.testng.Assert.assertEquals(Assert.java:1240)
	at pages.UsedCarPage.verifynoofbrands(UsedCarPage.java:43)
	at testcases.dbconnector.TC_HM_003_parameterize_dbfetch_util(dbconnector.java:19)
</failure>
    <system-err>Starting ChromeDriver 107.0.5304.62 (1eec40d3a5764881c92085aaee66d25075c159aa-refs/branch-heads/5304@{#942}) on port 14105
Only local connections are allowed.
Please see https://chromedriver.chromium.org/security-considerations for suggestions on keeping ChromeDriver safe.
ChromeDriver was started successfully.
</system-err>
  </testcase>
  <testcase name="TC_HM_003_parameterize_excel_util" classname="testcases.TC_HM_003_parameterize_excel_util" time="9.851"/>
  <testcase name="TC_HM_003_parameterize_dbfetch_util" classname="testcases.dbconnector" time="0">
    <skipped/>
    <system-out>log4j: System property is :null
log4j: Standard DocumentBuilderFactory search succeded.
log4j: DocumentBuilderFactory is: com.sun.org.apache.xerces.internal.jaxp.DocumentBuilderFactoryImpl
log4j: debug attribute= "true".
log4j: reset attribute= "false".
log4j: Threshold ="null".
log4j: Level value for root is  [INFO].
log4j: root level set to INFO
log4j: Class name: [org.apache.log4j.ConsoleAppender]
log4j: Parsing layout of class: "org.apache.log4j.PatternLayout"
log4j: Setting property [conversionPattern] to [%d{yyyy-MM-dd HH:mm:ss} %-5p %c{1}:%L - %m%n].
log4j: Adding appender named [console] to category [root].
log4j: Class name: [org.apache.log4j.RollingFileAppender]
log4j: Setting property [append] to [true].
log4j: Setting property [maxFileSize] to [10MB].
log4j: Setting property [maxBackupIndex] to [10].
log4j: Setting property [file] to [C:/Users/adars/workspace/POM_OCT_22/logs/myStruts1App.log].
log4j: Parsing layout of class: "org.apache.log4j.PatternLayout"
log4j: Setting property [conversionPattern] to [%d{yyyy-MM-dd HH:mm:ss} %-5p %c{1}:%L - %m%n].
log4j: setFile called: C:/Users/adars/workspace/POM_OCT_22/logs/myStruts1App.log, true
log4j: setFile ended
log4j: Adding appender named [file] to category [root].
log4j: System property is :null
log4j: Standard DocumentBuilderFactory search succeded.
log4j: DocumentBuilderFactory is: com.sun.org.apache.xerces.internal.jaxp.DocumentBuilderFactoryImpl
log4j: debug attribute= "true".
log4j: reset attribute= "false".
log4j: Threshold ="null".
log4j: Level value for root is  [INFO].
log4j: root level set to INFO
log4j: Class name: [org.apache.log4j.ConsoleAppender]
log4j: Parsing layout of class: "org.apache.log4j.PatternLayout"
log4j: Setting property [conversionPattern] to [%d{yyyy-MM-dd HH:mm:ss} %-5p %c{1}:%L - %m%n].
log4j: Adding appender named [console] to category [root].
log4j: Class name: [org.apache.log4j.RollingFileAppender]
log4j: Setting property [append] to [true].
log4j: Setting property [maxFileSize] to [10MB].
log4j: Setting property [maxBackupIndex] to [10].
log4j: Setting property [file] to [C:/Users/adars/workspace/POM_OCT_22/logs/myStruts1App.log].
log4j: Parsing layout of class: "org.apache.log4j.PatternLayout"
log4j: Setting property [conversionPattern] to [%d{yyyy-MM-dd HH:mm:ss} %-5p %c{1}:%L - %m%n].
log4j: setFile called: C:/Users/adars/workspace/POM_OCT_22/logs/myStruts1App.log, true
log4j: setFile ended
log4j: Adding appender named [file] to category [root].
2022-11-08 14:49:10 INFO  BasePage:67 - Waiting for the elementMysore, Karnataka
2022-11-08 14:49:10 INFO  BasePage:67 - Waiting for the elementDelhi, Delhi
</system-out>
  </testcase>
  <testcase name="TC_HM_003_parameterize_excel_util1" classname="testcases.TC_HM_003_parameterize_excel_util1" time="14.237">
    <failure message="Not matching expected [50] but found [49]" type="java.lang.AssertionError">java.lang.AssertionError: Not matching expected [50] but found [49]
	at org.testng.Assert.fail(Assert.java:110)
	at org.testng.Assert.failNotEquals(Assert.java:1413)
	at org.testng.Assert.assertEqualsImpl(Assert.java:149)
	at org.testng.Assert.assertEquals(Assert.java:131)
	at org.testng.Assert.assertEquals(Assert.java:1240)
	at pages.UsedCarPage.verifynoofbrands(UsedCarPage.java:43)
	at testcases.TC_HM_003_parameterize_excel_util1.TC_HM_003_parameterize_excel_util1(TC_HM_003_parameterize_excel_util1.java:21)
</failure>
    <system-err>Starting ChromeDriver 107.0.5304.62 (1eec40d3a5764881c92085aaee66d25075c159aa-refs/branch-heads/5304@{#942}) on port 19198
Only local connections are allowed.
Please see https://chromedriver.chromium.org/security-considerations for suggestions on keeping ChromeDriver safe.
ChromeDriver was started successfully.
</system-err>
  </testcase>
  <testcase name="TC_HM_003_parameterize_dbfetch_util" classname="testcases.dbconnector" time="8.112">
    <failure message="Not matching expected [28] but found [49]" type="java.lang.AssertionError">java.lang.AssertionError: Not matching expected [28] but found [49]
	at org.testng.Assert.fail(Assert.java:110)
	at org.testng.Assert.failNotEquals(Assert.java:1413)
	at org.testng.Assert.assertEqualsImpl(Assert.java:149)
	at org.testng.Assert.assertEquals(Assert.java:131)
	at org.testng.Assert.assertEquals(Assert.java:1240)
	at pages.UsedCarPage.verifynoofbrands(UsedCarPage.java:43)
	at testcases.dbconnector.TC_HM_003_parameterize_dbfetch_util(dbconnector.java:19)
</failure>
    <system-out>log4j: System property is :null
log4j: Standard DocumentBuilderFactory search succeded.
log4j: DocumentBuilderFactory is: com.sun.org.apache.xerces.internal.jaxp.DocumentBuilderFactoryImpl
log4j: debug attribute= "true".
log4j: reset attribute= "false".
log4j: Threshold ="null".
log4j: Level value for root is  [INFO].
log4j: root level set to INFO
log4j: Class name: [org.apache.log4j.ConsoleAppender]
log4j: Parsing layout of class: "org.apache.log4j.PatternLayout"
log4j: Setting property [conversionPattern] to [%d{yyyy-MM-dd HH:mm:ss} %-5p %c{1}:%L - %m%n].
log4j: Adding appender named [console] to category [root].
log4j: Class name: [org.apache.log4j.RollingFileAppender]
log4j: Setting property [append] to [true].
log4j: Setting property [maxFileSize] to [10MB].
log4j: Setting property [maxBackupIndex] to [10].
log4j: Setting property [file] to [C:/Users/adars/workspace/POM_OCT_22/logs/myStruts1App.log].
log4j: Parsing layout of class: "org.apache.log4j.PatternLayout"
log4j: Setting property [conversionPattern] to [%d{yyyy-MM-dd HH:mm:ss} %-5p %c{1}:%L - %m%n].
log4j: setFile called: C:/Users/adars/workspace/POM_OCT_22/logs/myStruts1App.log, true
log4j: setFile ended
log4j: Adding appender named [file] to category [root].
2022-11-08 14:49:18 INFO  BasePage:67 - Waiting for the elementUsed
2022-11-08 14:49:18 INFO  BasePage:67 - Waiting for the elementSearch
2022-11-08 14:49:18 INFO  BasePage:67 - Waiting for the elementSearch
log4j: System property is :null
log4j: Standard DocumentBuilderFactory search succeded.
log4j: DocumentBuilderFactory is: com.sun.org.apache.xerces.internal.jaxp.DocumentBuilderFactoryImpl
log4j: debug attribute= "true".
log4j: reset attribute= "false".
log4j: Threshold ="null".
log4j: Level value for root is  [INFO].
log4j: root level set to INFO
log4j: Class name: [org.apache.log4j.ConsoleAppender]
log4j: Parsing layout of class: "org.apache.log4j.PatternLayout"
log4j: Setting property [conversionPattern] to [%d{yyyy-MM-dd HH:mm:ss} %-5p %c{1}:%L - %m%n].
log4j: Adding appender named [console] to category [root].
log4j: Class name: [org.apache.log4j.RollingFileAppender]
log4j: Setting property [append] to [true].
log4j: Setting property [maxFileSize] to [10MB].
log4j: Setting property [maxBackupIndex] to [10].
log4j: Setting property [file] to [C:/Users/adars/workspace/POM_OCT_22/logs/myStruts1App.log].
log4j: Parsing layout of class: "org.apache.log4j.PatternLayout"
log4j: Setting property [conversionPattern] to [%d{yyyy-MM-dd HH:mm:ss} %-5p %c{1}:%L - %m%n].
log4j: setFile called: C:/Users/adars/workspace/POM_OCT_22/logs/myStruts1App.log, true
log4j: setFile ended
log4j: Adding appender named [file] to category [root].
2022-11-08 14:49:22 INFO  BasePage:67 - Waiting for the elementMysore, Karnataka
</system-out>
    <system-err>Nov 08, 2022 2:49:13 PM org.openqa.selenium.remote.ProtocolHandshake createSession
INFO: Detected dialect: W3C
</system-err>
  </testcase>
  <testcase name="TC_HM_003_parameterize_dbfetch_util" classname="testcases.dbconnector" time="0">
    <skipped/>
    <system-out>log4j: System property is :null
log4j: Standard DocumentBuilderFactory search succeded.
log4j: DocumentBuilderFactory is: com.sun.org.apache.xerces.internal.jaxp.DocumentBuilderFactoryImpl
log4j: debug attribute= "true".
log4j: reset attribute= "false".
log4j: Threshold ="null".
log4j: Level value for root is  [INFO].
log4j: root level set to INFO
log4j: Class name: [org.apache.log4j.ConsoleAppender]
log4j: Parsing layout of class: "org.apache.log4j.PatternLayout"
log4j: Setting property [conversionPattern] to [%d{yyyy-MM-dd HH:mm:ss} %-5p %c{1}:%L - %m%n].
log4j: Adding appender named [console] to category [root].
log4j: Class name: [org.apache.log4j.RollingFileAppender]
log4j: Setting property [append] to [true].
log4j: Setting property [maxFileSize] to [10MB].
log4j: Setting property [maxBackupIndex] to [10].
log4j: Setting property [file] to [C:/Users/adars/workspace/POM_OCT_22/logs/myStruts1App.log].
log4j: Parsing layout of class: "org.apache.log4j.PatternLayout"
log4j: Setting property [conversionPattern] to [%d{yyyy-MM-dd HH:mm:ss} %-5p %c{1}:%L - %m%n].
log4j: setFile called: C:/Users/adars/workspace/POM_OCT_22/logs/myStruts1App.log, true
log4j: setFile ended
log4j: Adding appender named [file] to category [root].
2022-11-08 14:49:29 INFO  BasePage:67 - Waiting for the elementUsed
2022-11-08 14:49:30 INFO  BasePage:67 - Waiting for the elementSearch
2022-11-08 14:49:30 INFO  BasePage:67 - Waiting for the elementSearch
log4j: System property is :null
log4j: Standard DocumentBuilderFactory search succeded.
log4j: DocumentBuilderFactory is: com.sun.org.apache.xerces.internal.jaxp.DocumentBuilderFactoryImpl
log4j: debug attribute= "true".
log4j: reset attribute= "false".
log4j: Threshold ="null".
log4j: Level value for root is  [INFO].
log4j: root level set to INFO
log4j: Class name: [org.apache.log4j.ConsoleAppender]
log4j: Parsing layout of class: "org.apache.log4j.PatternLayout"
log4j: Setting property [conversionPattern] to [%d{yyyy-MM-dd HH:mm:ss} %-5p %c{1}:%L - %m%n].
log4j: Adding appender named [console] to category [root].
log4j: Class name: [org.apache.log4j.RollingFileAppender]
log4j: Setting property [append] to [true].
log4j: Setting property [maxFileSize] to [10MB].
log4j: Setting property [maxBackupIndex] to [10].
log4j: Setting property [file] to [C:/Users/adars/workspace/POM_OCT_22/logs/myStruts1App.log].
log4j: Parsing layout of class: "org.apache.log4j.PatternLayout"
log4j: Setting property [conversionPattern] to [%d{yyyy-MM-dd HH:mm:ss} %-5p %c{1}:%L - %m%n].
log4j: setFile called: C:/Users/adars/workspace/POM_OCT_22/logs/myStruts1App.log, true
log4j: setFile ended
log4j: Adding appender named [file] to category [root].
2022-11-08 14:49:34 INFO  BasePage:67 - Waiting for the elementMangalore, Karnataka
</system-out>
    <system-err>Starting ChromeDriver 107.0.5304.62 (1eec40d3a5764881c92085aaee66d25075c159aa-refs/branch-heads/5304@{#942}) on port 22101
Only local connections are allowed.
Please see https://chromedriver.chromium.org/security-considerations for suggestions on keeping ChromeDriver safe.
ChromeDriver was started successfully.
Nov 08, 2022 2:49:25 PM org.openqa.selenium.remote.ProtocolHandshake createSession
INFO: Detected dialect: W3C
</system-err>
  </testcase>
  <testcase name="TC_HM_003_parameterize_dbfetch_util" classname="testcases.dbconnector" time="8.092">
    <failure message="Not matching expected [31] but found [49]" type="java.lang.AssertionError">java.lang.AssertionError: Not matching expected [31] but found [49]
	at org.testng.Assert.fail(Assert.java:110)
	at org.testng.Assert.failNotEquals(Assert.java:1413)
	at org.testng.Assert.assertEqualsImpl(Assert.java:149)
	at org.testng.Assert.assertEquals(Assert.java:131)
	at org.testng.Assert.assertEquals(Assert.java:1240)
	at pages.UsedCarPage.verifynoofbrands(UsedCarPage.java:43)
	at testcases.dbconnector.TC_HM_003_parameterize_dbfetch_util(dbconnector.java:19)
</failure>
    <system-out>log4j: System property is :null
log4j: Standard DocumentBuilderFactory search succeded.
log4j: DocumentBuilderFactory is: com.sun.org.apache.xerces.internal.jaxp.DocumentBuilderFactoryImpl
log4j: debug attribute= "true".
log4j: reset attribute= "false".
log4j: Threshold ="null".
log4j: Level value for root is  [INFO].
log4j: root level set to INFO
log4j: Class name: [org.apache.log4j.ConsoleAppender]
log4j: Parsing layout of class: "org.apache.log4j.PatternLayout"
log4j: Setting property [conversionPattern] to [%d{yyyy-MM-dd HH:mm:ss} %-5p %c{1}:%L - %m%n].
log4j: Adding appender named [console] to category [root].
log4j: Class name: [org.apache.log4j.RollingFileAppender]
log4j: Setting property [append] to [true].
log4j: Setting property [maxFileSize] to [10MB].
log4j: Setting property [maxBackupIndex] to [10].
log4j: Setting property [file] to [C:/Users/adars/workspace/POM_OCT_22/logs/myStruts1App.log].
log4j: Parsing layout of class: "org.apache.log4j.PatternLayout"
log4j: Setting property [conversionPattern] to [%d{yyyy-MM-dd HH:mm:ss} %-5p %c{1}:%L - %m%n].
log4j: setFile called: C:/Users/adars/workspace/POM_OCT_22/logs/myStruts1App.log, true
log4j: setFile ended
log4j: Adding appender named [file] to category [root].
2022-11-08 14:49:39 INFO  BasePage:67 - Waiting for the elementUsed
2022-11-08 14:49:39 INFO  BasePage:67 - Waiting for the elementSearch
2022-11-08 14:49:39 INFO  BasePage:67 - Waiting for the elementSearch
log4j: System property is :null
log4j: Standard DocumentBuilderFactory search succeded.
log4j: DocumentBuilderFactory is: com.sun.org.apache.xerces.internal.jaxp.DocumentBuilderFactoryImpl
log4j: debug attribute= "true".
log4j: reset attribute= "false".
log4j: Threshold ="null".
log4j: Level value for root is  [INFO].
log4j: root level set to INFO
log4j: Class name: [org.apache.log4j.ConsoleAppender]
log4j: Parsing layout of class: "org.apache.log4j.PatternLayout"
log4j: Setting property [conversionPattern] to [%d{yyyy-MM-dd HH:mm:ss} %-5p %c{1}:%L - %m%n].
log4j: Adding appender named [console] to category [root].
log4j: Class name: [org.apache.log4j.RollingFileAppender]
log4j: Setting property [append] to [true].
log4j: Setting property [maxFileSize] to [10MB].
log4j: Setting property [maxBackupIndex] to [10].
log4j: Setting property [file] to [C:/Users/adars/workspace/POM_OCT_22/logs/myStruts1App.log].
log4j: Parsing layout of class: "org.apache.log4j.PatternLayout"
log4j: Setting property [conversionPattern] to [%d{yyyy-MM-dd HH:mm:ss} %-5p %c{1}:%L - %m%n].
log4j: setFile called: C:/Users/adars/workspace/POM_OCT_22/logs/myStruts1App.log, true
log4j: setFile ended
log4j: Adding appender named [file] to category [root].
2022-11-08 14:49:44 INFO  BasePage:67 - Waiting for the elementMangalore, Karnataka
</system-out>
    <system-err>Starting ChromeDriver 107.0.5304.62 (1eec40d3a5764881c92085aaee66d25075c159aa-refs/branch-heads/5304@{#942}) on port 18715
Only local connections are allowed.
Please see https://chromedriver.chromium.org/security-considerations for suggestions on keeping ChromeDriver safe.
ChromeDriver was started successfully.
Nov 08, 2022 2:49:36 PM org.openqa.selenium.remote.ProtocolHandshake createSession
INFO: Detected dialect: W3C
</system-err>
  </testcase>
  <testcase name="TC_HM_003_parameterize_dbfetch_util" classname="testcases.dbconnector" time="0">
    <skipped/>
    <system-out>log4j: System property is :null
log4j: Standard DocumentBuilderFactory search succeded.
log4j: DocumentBuilderFactory is: com.sun.org.apache.xerces.internal.jaxp.DocumentBuilderFactoryImpl
log4j: debug attribute= "true".
log4j: reset attribute= "false".
log4j: Threshold ="null".
log4j: Level value for root is  [INFO].
log4j: root level set to INFO
log4j: Class name: [org.apache.log4j.ConsoleAppender]
log4j: Parsing layout of class: "org.apache.log4j.PatternLayout"
log4j: Setting property [conversionPattern] to [%d{yyyy-MM-dd HH:mm:ss} %-5p %c{1}:%L - %m%n].
log4j: Adding appender named [console] to category [root].
log4j: Class name: [org.apache.log4j.RollingFileAppender]
log4j: Setting property [append] to [true].
log4j: Setting property [maxFileSize] to [10MB].
log4j: Setting property [maxBackupIndex] to [10].
log4j: Setting property [file] to [C:/Users/adars/workspace/POM_OCT_22/logs/myStruts1App.log].
log4j: Parsing layout of class: "org.apache.log4j.PatternLayout"
log4j: Setting property [conversionPattern] to [%d{yyyy-MM-dd HH:mm:ss} %-5p %c{1}:%L - %m%n].
log4j: setFile called: C:/Users/adars/workspace/POM_OCT_22/logs/myStruts1App.log, true
log4j: setFile ended
log4j: Adding appender named [file] to category [root].
2022-11-08 14:49:50 INFO  BasePage:67 - Waiting for the elementUsed
2022-11-08 14:49:51 INFO  BasePage:67 - Waiting for the elementSearch
2022-11-08 14:49:51 INFO  BasePage:67 - Waiting for the elementSearch
log4j: System property is :null
log4j: Standard DocumentBuilderFactory search succeded.
log4j: DocumentBuilderFactory is: com.sun.org.apache.xerces.internal.jaxp.DocumentBuilderFactoryImpl
log4j: debug attribute= "true".
log4j: reset attribute= "false".
log4j: Threshold ="null".
log4j: Level value for root is  [INFO].
log4j: root level set to INFO
log4j: Class name: [org.apache.log4j.ConsoleAppender]
log4j: Parsing layout of class: "org.apache.log4j.PatternLayout"
log4j: Setting property [conversionPattern] to [%d{yyyy-MM-dd HH:mm:ss} %-5p %c{1}:%L - %m%n].
log4j: Adding appender named [console] to category [root].
log4j: Class name: [org.apache.log4j.RollingFileAppender]
log4j: Setting property [append] to [true].
log4j: Setting property [maxFileSize] to [10MB].
log4j: Setting property [maxBackupIndex] to [10].
log4j: Setting property [file] to [C:/Users/adars/workspace/POM_OCT_22/logs/myStruts1App.log].
log4j: Parsing layout of class: "org.apache.log4j.PatternLayout"
log4j: Setting property [conversionPattern] to [%d{yyyy-MM-dd HH:mm:ss} %-5p %c{1}:%L - %m%n].
log4j: setFile called: C:/Users/adars/workspace/POM_OCT_22/logs/myStruts1App.log, true
log4j: setFile ended
log4j: Adding appender named [file] to category [root].
2022-11-08 14:49:56 INFO  BasePage:67 - Waiting for the elementDurgaPur, West Bengal
</system-out>
    <system-err>Starting ChromeDriver 107.0.5304.62 (1eec40d3a5764881c92085aaee66d25075c159aa-refs/branch-heads/5304@{#942}) on port 14731
Only local connections are allowed.
Please see https://chromedriver.chromium.org/security-considerations for suggestions on keeping ChromeDriver safe.
ChromeDriver was started successfully.
Nov 08, 2022 2:49:46 PM org.openqa.selenium.remote.ProtocolHandshake createSession
INFO: Detected dialect: W3C
</system-err>
  </testcase>
  <testcase name="TC_HM_003_parameterize_dbfetch_util" classname="testcases.dbconnector" time="9.409">
    <failure message="Not matching expected [35] but found [49]" type="java.lang.AssertionError">java.lang.AssertionError: Not matching expected [35] but found [49]
	at org.testng.Assert.fail(Assert.java:110)
	at org.testng.Assert.failNotEquals(Assert.java:1413)
	at org.testng.Assert.assertEqualsImpl(Assert.java:149)
	at org.testng.Assert.assertEquals(Assert.java:131)
	at org.testng.Assert.assertEquals(Assert.java:1240)
	at pages.UsedCarPage.verifynoofbrands(UsedCarPage.java:43)
	at testcases.dbconnector.TC_HM_003_parameterize_dbfetch_util(dbconnector.java:19)
</failure>
    <system-out>log4j: System property is :null
log4j: Standard DocumentBuilderFactory search succeded.
log4j: DocumentBuilderFactory is: com.sun.org.apache.xerces.internal.jaxp.DocumentBuilderFactoryImpl
log4j: debug attribute= "true".
log4j: reset attribute= "false".
log4j: Threshold ="null".
log4j: Level value for root is  [INFO].
log4j: root level set to INFO
log4j: Class name: [org.apache.log4j.ConsoleAppender]
log4j: Parsing layout of class: "org.apache.log4j.PatternLayout"
log4j: Setting property [conversionPattern] to [%d{yyyy-MM-dd HH:mm:ss} %-5p %c{1}:%L - %m%n].
log4j: Adding appender named [console] to category [root].
log4j: Class name: [org.apache.log4j.RollingFileAppender]
log4j: Setting property [append] to [true].
log4j: Setting property [maxFileSize] to [10MB].
log4j: Setting property [maxBackupIndex] to [10].
log4j: Setting property [file] to [C:/Users/adars/workspace/POM_OCT_22/logs/myStruts1App.log].
log4j: Parsing layout of class: "org.apache.log4j.PatternLayout"
log4j: Setting property [conversionPattern] to [%d{yyyy-MM-dd HH:mm:ss} %-5p %c{1}:%L - %m%n].
log4j: setFile called: C:/Users/adars/workspace/POM_OCT_22/logs/myStruts1App.log, true
log4j: setFile ended
log4j: Adding appender named [file] to category [root].
2022-11-08 14:50:01 INFO  BasePage:67 - Waiting for the elementUsed
2022-11-08 14:50:01 INFO  BasePage:67 - Waiting for the elementSearch
2022-11-08 14:50:01 INFO  BasePage:67 - Waiting for the elementSearch
log4j: System property is :null
log4j: Standard DocumentBuilderFactory search succeded.
log4j: DocumentBuilderFactory is: com.sun.org.apache.xerces.internal.jaxp.DocumentBuilderFactoryImpl
log4j: debug attribute= "true".
log4j: reset attribute= "false".
log4j: Threshold ="null".
log4j: Level value for root is  [INFO].
log4j: root level set to INFO
log4j: Class name: [org.apache.log4j.ConsoleAppender]
log4j: Parsing layout of class: "org.apache.log4j.PatternLayout"
log4j: Setting property [conversionPattern] to [%d{yyyy-MM-dd HH:mm:ss} %-5p %c{1}:%L - %m%n].
log4j: Adding appender named [console] to category [root].
log4j: Class name: [org.apache.log4j.RollingFileAppender]
log4j: Setting property [append] to [true].
log4j: Setting property [maxFileSize] to [10MB].
log4j: Setting property [maxBackupIndex] to [10].
log4j: Setting property [file] to [C:/Users/adars/workspace/POM_OCT_22/logs/myStruts1App.log].
log4j: Parsing layout of class: "org.apache.log4j.PatternLayout"
log4j: Setting property [conversionPattern] to [%d{yyyy-MM-dd HH:mm:ss} %-5p %c{1}:%L - %m%n].
log4j: setFile called: C:/Users/adars/workspace/POM_OCT_22/logs/myStruts1App.log, true
log4j: setFile ended
log4j: Adding appender named [file] to category [root].
2022-11-08 14:50:07 INFO  BasePage:67 - Waiting for the elementDurgaPur, West Bengal
</system-out>
    <system-err>Starting ChromeDriver 107.0.5304.62 (1eec40d3a5764881c92085aaee66d25075c159aa-refs/branch-heads/5304@{#942}) on port 15208
Only local connections are allowed.
Please see https://chromedriver.chromium.org/security-considerations for suggestions on keeping ChromeDriver safe.
ChromeDriver was started successfully.
Nov 08, 2022 2:49:57 PM org.openqa.selenium.remote.ProtocolHandshake createSession
INFO: Detected dialect: W3C
</system-err>
  </testcase>
  <testcase name="TC_HM_003_parameterize_dbfetch_util" classname="testcases.dbconnector" time="7.802"/>
</testsuite>