<?xml version="1.0" encoding="UTF-8"?>
<testng-results skipped="0" failed="1" ignored="0" retried="1" total="4" passed="2">
  <reporter-output>
  </reporter-output>
  <suite name="All Test Suite" duration-ms="90177" started-at="2022-11-07T18:58:26 IST" finished-at="2022-11-07T18:59:57 IST">
    <groups>
    </groups>
    <test name="Parallel Tests" duration-ms="90177" started-at="2022-11-07T18:58:26 IST" finished-at="2022-11-07T18:59:57 IST">
      <class name="testcases.TC_HM_003">
        <test-method status="PASS" signature="setup()[pri:0, instance:testcases.TC_HM_003@7ff2a664]" name="setup" is-config="true" duration-ms="13749" started-at="2022-11-07T18:58:26 IST" finished-at="2022-11-07T18:58:40 IST">
          <reporter-output>
          </reporter-output>
        </test-method> <!-- setup -->
        <test-method status="SKIP" signature="TC_HM_003()[pri:0, instance:testcases.TC_HM_003@7ff2a664]" name="TC_HM_003" duration-ms="60475" retried="true" started-at="2022-11-07T18:58:40 IST" finished-at="2022-11-07T18:59:41 IST">
          <exception class="java.lang.AssertionError">
            <message>
              <![CDATA[Not matching expected [46] but found [50]]]>
            </message>
            <full-stacktrace>
              <![CDATA[java.lang.AssertionError: Not matching expected [46] but found [50]
at org.testng.Assert.fail(Assert.java:110)
at org.testng.Assert.failNotEquals(Assert.java:1413)
at org.testng.Assert.assertEqualsImpl(Assert.java:149)
at org.testng.Assert.assertEquals(Assert.java:131)
at org.testng.Assert.assertEquals(Assert.java:1240)
at pages.UsedCarPage.verifynoofbrands(UsedCarPage.java:39)
at testcases.TC_HM_003.TC_HM_003(TC_HM_003.java:18)
at sun.reflect.NativeMethodAccessorImpl.invoke0(Native Method)
at sun.reflect.NativeMethodAccessorImpl.invoke(NativeMethodAccessorImpl.java:62)
at sun.reflect.DelegatingMethodAccessorImpl.invoke(DelegatingMethodAccessorImpl.java:43)
at java.lang.reflect.Method.invoke(Method.java:498)
at org.testng.internal.invokers.MethodInvocationHelper.invokeMethod(MethodInvocationHelper.java:135)
at org.testng.internal.invokers.TestInvoker.invokeMethod(TestInvoker.java:673)
at org.testng.internal.invokers.TestInvoker.invokeTestMethod(TestInvoker.java:220)
at org.testng.internal.invokers.MethodRunner.runInSequence(MethodRunner.java:50)
at org.testng.internal.invokers.TestInvoker$MethodInvocationAgent.invoke(TestInvoker.java:945)
at org.testng.internal.invokers.TestInvoker.invokeTestMethods(TestInvoker.java:193)
at org.testng.internal.invokers.TestMethodWorker.invokeTestMethods(TestMethodWorker.java:146)
at org.testng.internal.invokers.TestMethodWorker.run(TestMethodWorker.java:128)
at java.util.concurrent.ThreadPoolExecutor.runWorker(ThreadPoolExecutor.java:1149)
at java.util.concurrent.ThreadPoolExecutor$Worker.run(ThreadPoolExecutor.java:624)
at java.lang.Thread.run(Thread.java:750)
]]>
            </full-stacktrace>
          </exception> <!-- java.lang.AssertionError -->
          <reporter-output>
          </reporter-output>
        </test-method> <!-- TC_HM_003 -->
        <test-method status="PASS" signature="tearDown()[pri:0, instance:testcases.TC_HM_003@7ff2a664]" name="tearDown" is-config="true" duration-ms="1029" started-at="2022-11-07T18:59:41 IST" finished-at="2022-11-07T18:59:42 IST">
          <reporter-output>
          </reporter-output>
        </test-method> <!-- tearDown -->
        <test-method status="PASS" signature="setup()[pri:0, instance:testcases.TC_HM_003@7ff2a664]" name="setup" is-config="true" duration-ms="3680" started-at="2022-11-07T18:59:42 IST" finished-at="2022-11-07T18:59:45 IST">
          <reporter-output>
          </reporter-output>
        </test-method> <!-- setup -->
        <test-method status="FAIL" signature="TC_HM_003()[pri:0, instance:testcases.TC_HM_003@7ff2a664]" name="TC_HM_003" duration-ms="10118" started-at="2022-11-07T18:59:45 IST" finished-at="2022-11-07T18:59:56 IST">
          <exception class="java.lang.AssertionError">
            <message>
              <![CDATA[Not matching expected [46] but found [50]]]>
            </message>
            <full-stacktrace>
              <![CDATA[java.lang.AssertionError: Not matching expected [46] but found [50]
at org.testng.Assert.fail(Assert.java:110)
at org.testng.Assert.failNotEquals(Assert.java:1413)
at org.testng.Assert.assertEqualsImpl(Assert.java:149)
at org.testng.Assert.assertEquals(Assert.java:131)
at org.testng.Assert.assertEquals(Assert.java:1240)
at pages.UsedCarPage.verifynoofbrands(UsedCarPage.java:39)
at testcases.TC_HM_003.TC_HM_003(TC_HM_003.java:18)
at sun.reflect.NativeMethodAccessorImpl.invoke0(Native Method)
at sun.reflect.NativeMethodAccessorImpl.invoke(NativeMethodAccessorImpl.java:62)
at sun.reflect.DelegatingMethodAccessorImpl.invoke(DelegatingMethodAccessorImpl.java:43)
at java.lang.reflect.Method.invoke(Method.java:498)
at org.testng.internal.invokers.MethodInvocationHelper.invokeMethod(MethodInvocationHelper.java:135)
at org.testng.internal.invokers.TestInvoker.invokeMethod(TestInvoker.java:673)
at org.testng.internal.invokers.TestInvoker.retryFailed(TestInvoker.java:262)
at org.testng.internal.invokers.MethodRunner.runInSequence(MethodRunner.java:62)
at org.testng.internal.invokers.TestInvoker$MethodInvocationAgent.invoke(TestInvoker.java:945)
at org.testng.internal.invokers.TestInvoker.invokeTestMethods(TestInvoker.java:193)
at org.testng.internal.invokers.TestMethodWorker.invokeTestMethods(TestMethodWorker.java:146)
at org.testng.internal.invokers.TestMethodWorker.run(TestMethodWorker.java:128)
at java.util.concurrent.ThreadPoolExecutor.runWorker(ThreadPoolExecutor.java:1149)
at java.util.concurrent.ThreadPoolExecutor$Worker.run(ThreadPoolExecutor.java:624)
at java.lang.Thread.run(Thread.java:750)
]]>
            </full-stacktrace>
          </exception> <!-- java.lang.AssertionError -->
          <reporter-output>
          </reporter-output>
        </test-method> <!-- TC_HM_003 -->
        <test-method status="PASS" signature="tearDown()[pri:0, instance:testcases.TC_HM_003@7ff2a664]" name="tearDown" is-config="true" duration-ms="208" started-at="2022-11-07T18:59:56 IST" finished-at="2022-11-07T18:59:57 IST">
          <reporter-output>
          </reporter-output>
        </test-method> <!-- tearDown -->
      </class> <!-- testcases.TC_HM_003 -->
      <class name="testcases.TC_HM_002">
        <test-method status="PASS" signature="setup()[pri:0, instance:testcases.TC_HM_002@6a472554]" name="setup" is-config="true" duration-ms="13605" started-at="2022-11-07T18:58:26 IST" finished-at="2022-11-07T18:58:40 IST">
          <reporter-output>
          </reporter-output>
        </test-method> <!-- setup -->
        <test-method status="PASS" signature="TC_HM_002()[pri:0, instance:testcases.TC_HM_002@6a472554]" name="TC_HM_002" duration-ms="10039" started-at="2022-11-07T18:58:40 IST" finished-at="2022-11-07T18:58:50 IST">
          <reporter-output>
          </reporter-output>
        </test-method> <!-- TC_HM_002 -->
        <test-method status="PASS" signature="tearDown()[pri:0, instance:testcases.TC_HM_002@6a472554]" name="tearDown" is-config="true" duration-ms="179" started-at="2022-11-07T18:58:50 IST" finished-at="2022-11-07T18:58:50 IST">
          <reporter-output>
          </reporter-output>
        </test-method> <!-- tearDown -->
      </class> <!-- testcases.TC_HM_002 -->
      <class name="testcases.TC_HM_001">
        <test-method status="PASS" signature="setup()[pri:0, instance:testcases.TC_HM_001@80ec1f8]" name="setup" is-config="true" duration-ms="13523" started-at="2022-11-07T18:58:26 IST" finished-at="2022-11-07T18:58:40 IST">
          <reporter-output>
          </reporter-output>
        </test-method> <!-- setup -->
        <test-method status="PASS" signature="TC_HM_001()[pri:0, instance:testcases.TC_HM_001@80ec1f8]" name="TC_HM_001" duration-ms="6665" started-at="2022-11-07T18:58:40 IST" finished-at="2022-11-07T18:58:47 IST">
          <reporter-output>
          </reporter-output>
        </test-method> <!-- TC_HM_001 -->
        <test-method status="PASS" signature="tearDown()[pri:0, instance:testcases.TC_HM_001@80ec1f8]" name="tearDown" is-config="true" duration-ms="1242" started-at="2022-11-07T18:58:47 IST" finished-at="2022-11-07T18:58:48 IST">
          <reporter-output>
          </reporter-output>
        </test-method> <!-- tearDown -->
      </class> <!-- testcases.TC_HM_001 -->
    </test> <!-- Parallel Tests -->
  </suite> <!-- All Test Suite -->
</testng-results>
